

Microchip MPLAB XC8 Assembler V2.46 build 20240104201356 
                                                                                               Fri Jul 26 10:25:02 2024

Microchip MPLAB XC8 C Compiler v2.46 (Free license) build 20240104201356 Og1 
     1                           	processor	18F4580
     2                           	fnconf	rparam,??,?,0
     3                           	pagewidth 120
     4                           	opt	flic
     5                           	psect	cinit,global,reloc=2,class=CODE,delta=1
     6                           	psect	cstackCOMRAM,global,class=COMRAM,space=1,delta=1,lowdata,noexec
     7                           	psect	text0,global,reloc=2,class=CODE,delta=1
     8                           	psect	smallconst,global,reloc=2,class=SMALLCONST,delta=1,noexec
     9                           	psect	intsave_regs,global,class=BIGRAM,space=1,delta=1,noexec
    10                           	psect	rparam,global,class=COMRAM,space=1,delta=1,noexec
    11   000000                     
    12                           ; Generated 17/10/2023 GMT
    13                           ; 
    14                           ; Copyright © 2023, Microchip Technology Inc. and its subsidiaries ("Microchip")
    15                           ; All rights reserved.
    16                           ; 
    17                           ; This software is developed by Microchip Technology Inc. and its subsidiaries ("Microch
      +                          ip").
    18                           ; 
    19                           ; Redistribution and use in source and binary forms, with or without modification, are
    20                           ; permitted provided that the following conditions are met:
    21                           ; 
    22                           ;     1. Redistributions of source code must retain the above copyright notice, this lis
      +                          t of
    23                           ;        conditions and the following disclaimer.
    24                           ; 
    25                           ;     2. Redistributions in binary form must reproduce the above copyright notice, this 
      +                          list
    26                           ;        of conditions and the following disclaimer in the documentation and/or other
    27                           ;        materials provided with the distribution. Publication is not required when
    28                           ;        this file is used in an embedded application.
    29                           ; 
    30                           ;     3. Microchip's name may not be used to endorse or promote products derived from th
      +                          is
    31                           ;        software without specific prior written permission.
    32                           ; 
    33                           ; THIS SOFTWARE IS PROVIDED BY MICROCHIP "AS IS" AND ANY EXPRESS OR IMPLIED WARRANTIES,
    34                           ; INCLUDING, BUT NOT LIMITED TO, THE IMPLIED WARRANTIES OF MERCHANTABILITY AND FITNESS F
      +                          OR
    35                           ; PURPOSE ARE DISCLAIMED.  IN NO EVENT SHALL MICROCHIP BE LIABLE FOR ANY DIRECT, INDIREC
      +                          T,
    36                           ; INCIDENTAL, SPECIAL, EXEMPLARY, OR CONSEQUENTIAL DAMAGES (INCLUDING BUT NOT LIMITED TO
    37                           ; PROCUREMENT OF SUBSTITUTE GOODS OR SERVICES; LOSS OF USE, DATA OR PROFITS; OR BUSINESS
    38                           ; INTERRUPTION) HOWSOEVER CAUSED AND ON ANY THEORY OF LIABILITY, WHETHER IN CONTRACT, ST
      +                          RICT
    39                           ; LIABILITY, OR TORT (INCLUDING NEGLIGENCE OR OTHERWISE) ARISING IN ANY WAY OUT OF THE U
      +                          SE OF
    40                           ; THIS SOFTWARE, EVEN IF ADVISED OF THE POSSIBILITY OF SUCH DAMAGE.
    41                           ; 
    42                           ; 
    43                           ; Code-generator required, PIC18F4580 Definitions
    44                           ; 
    45                           ; SFR Addresses
    46   000000                     _PORTC	set	3970
    47   000000                     _TRISC	set	3988
    48                           
    49                           ; #config settings
    50                           
    51                           	psect	cinit
    52   00066A                     __pcinit:
    53                           	callstack 0
    54   00066A                     start_initialization:
    55                           	callstack 0
    56   00066A                     __initialization:
    57                           	callstack 0
    58   00066A                     end_of_initialization:
    59                           	callstack 0
    60   00066A                     __end_of__initialization:
    61                           	callstack 0
    62   00066A  0100               	movlb	0
    63   00066C  EF01  F003         	goto	_main	;jump to C main() function
    64                           
    65                           	psect	cstackCOMRAM
    66   000001                     __pcstackCOMRAM:
    67                           	callstack 0
    68   000001                     main@i:
    69                           	callstack 0
    70                           
    71                           ; 2 bytes @ 0x0
    72   000001                     	ds	2
    73   000003                     main@j:
    74                           	callstack 0
    75                           
    76                           ; 2 bytes @ 0x2
    77   000003                     	ds	2
    78                           
    79 ;;
    80 ;;Main: autosize = 0, tempsize = 0, incstack = 0, save=0
    81 ;;
    82 ;; *************** function _main *****************
    83 ;; Defined at:
    84 ;;		line 11 in file "ledstrip.c"
    85 ;; Parameters:    Size  Location     Type
    86 ;;		None
    87 ;; Auto vars:     Size  Location     Type
    88 ;;  j               2    2[COMRAM] int 
    89 ;;  i               2    0[COMRAM] int 
    90 ;; Return value:  Size  Location     Type
    91 ;;                  1    wreg      void 
    92 ;; Registers used:
    93 ;;		wreg, status,2, status,0, prodl, prodh
    94 ;; Tracked objects:
    95 ;;		On entry : 0/0
    96 ;;		On exit  : 0/0
    97 ;;		Unchanged: 0/0
    98 ;; Data sizes:     COMRAM   BANK0   BANK1   BANK2   BANK3   BANK4   BANK5
    99 ;;      Params:         0       0       0       0       0       0       0
   100 ;;      Locals:         4       0       0       0       0       0       0
   101 ;;      Temps:          0       0       0       0       0       0       0
   102 ;;      Totals:         4       0       0       0       0       0       0
   103 ;;Total ram usage:        4 bytes
   104 ;; This function calls:
   105 ;;		Nothing
   106 ;; This function is called by:
   107 ;;		Startup code after reset
   108 ;; This function uses a non-reentrant model
   109 ;;
   110                           
   111                           	psect	text0
   112   000602                     __ptext0:
   113                           	callstack 0
   114   000602                     _main:
   115                           	callstack 31
   116   000602                     l9:
   117   000602                     
   118                           ;ledstrip.c: 13:         int i;;ledstrip.c: 14:         TRISC=0x00;
   119   000602  0E00               	movlw	0
   120   000604  6E94               	movwf	148,c	;volatile
   121                           
   122                           ;ledstrip.c: 15:         PORTC=1;
   123   000606  0E01               	movlw	1
   124   000608  6E82               	movwf	130,c	;volatile
   125                           
   126                           ;ledstrip.c: 16:         for(i=1;i<8;i++){
   127   00060A  0E00               	movlw	0
   128   00060C  6E02               	movwf	(main@i+1)^0,c
   129   00060E  0E01               	movlw	1
   130   000610  6E01               	movwf	main@i^0,c
   131   000612                     l698:
   132                           
   133                           ;ledstrip.c: 17:             PORTC=PORTC*2;
   134   000612  5082               	movf	130,w,c	;volatile
   135   000614  0D02               	mullw	2
   136   000616  CFF3 FF82          	movff	prodl,3970	;volatile
   137   00061A                     
   138                           ;ledstrip.c: 18:             for(int j=0;j<30000;j++);
   139   00061A  0E00               	movlw	0
   140   00061C  6E04               	movwf	(main@j+1)^0,c
   141   00061E  0E00               	movlw	0
   142   000620  6E03               	movwf	main@j^0,c
   143   000622                     l706:
   144   000622  4A03               	infsnz	main@j^0,f,c
   145   000624  2A04               	incf	(main@j+1)^0,f,c
   146   000626  BE04               	btfsc	(main@j+1)^0,7,c
   147   000628  EF1F  F003         	goto	u11
   148   00062C  0E30               	movlw	48
   149   00062E  5C03               	subwf	main@j^0,w,c
   150   000630  0E75               	movlw	117
   151   000632  5804               	subwfb	(main@j+1)^0,w,c
   152   000634  A0D8               	btfss	status,0,c
   153   000636  EF1F  F003         	goto	u11
   154   00063A  EF21  F003         	goto	u10
   155   00063E                     u11:
   156   00063E  EF11  F003         	goto	l706
   157   000642                     u10:
   158   000642                     
   159                           ;ledstrip.c: 19:         }
   160   000642  4A01               	infsnz	main@i^0,f,c
   161   000644  2A02               	incf	(main@i+1)^0,f,c
   162   000646  BE02               	btfsc	(main@i+1)^0,7,c
   163   000648  EF2F  F003         	goto	u21
   164   00064C  5002               	movf	(main@i+1)^0,w,c
   165   00064E  E109               	bnz	u20
   166   000650  0E08               	movlw	8
   167   000652  5C01               	subwf	main@i^0,w,c
   168   000654  A0D8               	btfss	status,0,c
   169   000656  EF2F  F003         	goto	u21
   170   00065A  EF31  F003         	goto	u20
   171   00065E                     u21:
   172   00065E  EF09  F003         	goto	l698
   173   000662                     u20:
   174   000662  EF01  F003         	goto	l9
   175   000666  EF00  F000         	goto	start
   176   00066A                     __end_of_main:
   177                           	callstack 0
   178                           
   179                           	psect	smallconst
   180   000600                     __psmallconst:
   181                           	callstack 0
   182   000600  00                 	db	0
   183   000601  00                 	db	0	; dummy byte at the end
   184   000000                     
   185                           	psect	rparam
   186   000000                     tosu	equ	0xFFF
   187                           tosh	equ	0xFFE
   188                           tosl	equ	0xFFD
   189                           stkptr	equ	0xFFC
   190                           pclatu	equ	0xFFB
   191                           pclath	equ	0xFFA
   192                           pcl	equ	0xFF9
   193                           tblptru	equ	0xFF8
   194                           tblptrh	equ	0xFF7
   195                           tblptrl	equ	0xFF6
   196                           tablat	equ	0xFF5
   197                           prodh	equ	0xFF4
   198                           prodl	equ	0xFF3
   199                           indf0	equ	0xFEF
   200                           postinc0	equ	0xFEE
   201                           postdec0	equ	0xFED
   202                           preinc0	equ	0xFEC
   203                           plusw0	equ	0xFEB
   204                           fsr0h	equ	0xFEA
   205                           fsr0l	equ	0xFE9
   206                           wreg	equ	0xFE8
   207                           indf1	equ	0xFE7
   208                           postinc1	equ	0xFE6
   209                           postdec1	equ	0xFE5
   210                           preinc1	equ	0xFE4
   211                           plusw1	equ	0xFE3
   212                           fsr1h	equ	0xFE2
   213                           fsr1l	equ	0xFE1
   214                           bsr	equ	0xFE0
   215                           indf2	equ	0xFDF
   216                           postinc2	equ	0xFDE
   217                           postdec2	equ	0xFDD
   218                           preinc2	equ	0xFDC
   219                           plusw2	equ	0xFDB
   220                           fsr2h	equ	0xFDA
   221                           fsr2l	equ	0xFD9
   222                           status	equ	0xFD8

Data Sizes:
    Strings     0
    Constant    0
    Data        0
    BSS         0
    Persistent  0
    Stack       0

Auto Spaces:
    Space          Size  Autos    Used
    COMRAM           95      4       4
    BANK0           160      0       0
    BANK1           256      0       0
    BANK2           256      0       0
    BANK3           256      0       0
    BANK4           256      0       0
    BANK5           256      0       0

Pointer List with Targets:

    None.

Critical Paths under _main in COMRAM

    None.

Critical Paths under _main in BANK0

    None.

Critical Paths under _main in BANK1

    None.

Critical Paths under _main in BANK2

    None.

Critical Paths under _main in BANK3

    None.

Critical Paths under _main in BANK4

    None.

Critical Paths under _main in BANK5

    None.

Call Graph Tables:

 ---------------------------------------------------------------------------------
 (Depth) Function   	        Calls       Base Space   Used Autos Params    Refs
 ---------------------------------------------------------------------------------
 (0) _main                                                 4     4      0      60
                                              0 COMRAM     4     4      0
 ---------------------------------------------------------------------------------
 Estimated maximum stack depth 0
 ---------------------------------------------------------------------------------

 Call Graph Graphs:

 _main (ROOT)

 Address spaces:
Name               Size   Autos  Total    Cost      Usage
BITCOMRAM           5F      0       0       0        0.0%
EEDATA             100      0       0       0        0.0%
NULL                 0      0       0       0        0.0%
CODE                 0      0       0       0        0.0%
COMRAM              5F      4       4       1        4.2%
STACK                0      0       0       2        0.0%
DATA                 0      0       0       3        0.0%
BITBANK0            A0      0       0       4        0.0%
BANK0               A0      0       0       5        0.0%
BITBANK1           100      0       0       6        0.0%
BANK1              100      0       0       7        0.0%
BITBANK2           100      0       0       8        0.0%
BANK2              100      0       0       9        0.0%
BITBANK3           100      0       0      10        0.0%
BANK3              100      0       0      11        0.0%
BITBANK4           100      0       0      12        0.0%
BANK4              100      0       0      13        0.0%
BITBANK5           100      0       0      14        0.0%
BANK5              100      0       0      15        0.0%
BITBIGSFRh          6B      0       0      16        0.0%
BITBIGSFRlh         11      0       0      17        0.0%
BITBIGSFRll        282      0       0      18        0.0%
ABS                  0      0       0      19        0.0%
BIGRAM             5FF      0       0      20        0.0%
BIGSFR               0      0       0     200        0.0%
BITSFR_3             0      0       0     200        0.0%
SFR_3                0      0       0     200        0.0%
BITSFR_2             0      0       0     200        0.0%
SFR_2                0      0       0     200        0.0%
BITSFR_1             0      0       0     200        0.0%
SFR_1                0      0       0     200        0.0%
BITSFR               0      0       0     200        0.0%
SFR                  0      0       0     200        0.0%


Microchip Technology PIC18 Macro Assembler V2.46 build 20240104201356 
Symbol Table                                                                                   Fri Jul 26 10:25:02 2024

                      l9 0602                       u10 0642                       u11 063E  
                     u20 0662                       u21 065E                      l700 061A  
                    l710 0642                      l712 0646                      l706 0622  
                    l708 0626                      l692 0602                      l698 0612  
                   _main 0602                     prodl 0FF3                     start 0000  
           ___param_bank 0000                    ?_main 0001                    _PORTC 0F82  
                  _TRISC 0F94                    main@i 0001                    main@j 0003  
                  status 0FD8          __initialization 066A             __end_of_main 066A  
                 ??_main 0001            __activetblptr 0000                   isa$std 0001  
           __mediumconst 0000               __accesstop 0060  __end_of__initialization 066A  
          ___rparam_used 0001           __pcstackCOMRAM 0001                  __Hparam 0000  
                __Lparam 0000             __psmallconst 0600                  __pcinit 066A  
                __ramtop 0600                  __ptext0 0602     end_of_initialization 066A  
    start_initialization 066A              __smallconst 0600                 __Hrparam 0000  
               __Lrparam 0000                 isa$xinst 0000  
